c:\users\admin\desktop\game\game\x64\debug\vc143.pdb
c:\users\admin\desktop\game\game\x64\debug\vc143.idb
c:\users\admin\desktop\game\game\x64\debug\block.obj
c:\users\admin\desktop\game\game\x64\debug\texturemanager.obj
c:\users\admin\desktop\game\game\x64\debug\point.obj
c:\users\admin\desktop\game\game\x64\debug\player.obj
c:\users\admin\desktop\game\game\x64\debug\object.obj
c:\users\admin\desktop\game\game\x64\debug\menu.obj
c:\users\admin\desktop\game\game\x64\debug\main.obj
c:\users\admin\desktop\game\game\x64\debug\gameloop.obj
c:\users\admin\desktop\game\game\x64\debug\background.obj
c:\users\admin\desktop\game\game\x64\debug\game.ilk
c:\users\admin\desktop\game\x64\debug\game.exe
c:\users\admin\desktop\game\x64\debug\game.pdb
c:\users\admin\desktop\game\game\x64\debug\game.tlog\cl.command.1.tlog
c:\users\admin\desktop\game\game\x64\debug\game.tlog\cl.read.1.tlog
c:\users\admin\desktop\game\game\x64\debug\game.tlog\cl.write.1.tlog
c:\users\admin\desktop\game\game\x64\debug\game.tlog\link.command.1.tlog
c:\users\admin\desktop\game\game\x64\debug\game.tlog\link.read.1.tlog
c:\users\admin\desktop\game\game\x64\debug\game.tlog\link.write.1.tlog
